d:\users\patrickbeatbender\desktop\ai_tp1\vs2010\buckland_chapter2-state machines\westworldwithmessaging\debug\westworldwithmessaging.bsc
d:\users\patrickbeatbender\desktop\ai_tp1\vs2010\buckland_chapter2-state machines\westworldwithmessaging\debug\vc140.pdb
d:\users\patrickbeatbender\desktop\ai_tp1\vs2010\buckland_chapter2-state machines\westworldwithmessaging\debug\vc140.idb
d:\users\patrickbeatbender\desktop\ai_tp1\vs2010\buckland_chapter2-state machines\westworldwithmessaging\debug\crudetimer.sbr
d:\users\patrickbeatbender\desktop\ai_tp1\vs2010\buckland_chapter2-state machines\westworldwithmessaging\debug\crudetimer.obj
d:\users\patrickbeatbender\desktop\ai_tp1\vs2010\buckland_chapter2-state machines\westworldwithmessaging\debug\entitymanager.sbr
d:\users\patrickbeatbender\desktop\ai_tp1\vs2010\buckland_chapter2-state machines\westworldwithmessaging\debug\basegameentity.sbr
d:\users\patrickbeatbender\desktop\ai_tp1\vs2010\buckland_chapter2-state machines\westworldwithmessaging\debug\basegameentity.obj
d:\users\patrickbeatbender\desktop\ai_tp1\vs2010\buckland_chapter2-state machines\westworldwithmessaging\debug\entitymanager.obj
d:\users\patrickbeatbender\desktop\ai_tp1\vs2010\buckland_chapter2-state machines\westworldwithmessaging\debug\messagedispatcher.sbr
d:\users\patrickbeatbender\desktop\ai_tp1\vs2010\buckland_chapter2-state machines\westworldwithmessaging\debug\messagedispatcher.obj
d:\users\patrickbeatbender\desktop\ai_tp1\vs2010\buckland_chapter2-state machines\westworldwithmessaging\debug\main.sbr
d:\users\patrickbeatbender\desktop\ai_tp1\vs2010\buckland_chapter2-state machines\westworldwithmessaging\debug\minerswifeownedstates.sbr
d:\users\patrickbeatbender\desktop\ai_tp1\vs2010\buckland_chapter2-state machines\westworldwithmessaging\debug\minerswife.sbr
d:\users\patrickbeatbender\desktop\ai_tp1\vs2010\buckland_chapter2-state machines\westworldwithmessaging\debug\minerownedstates.sbr
d:\users\patrickbeatbender\desktop\ai_tp1\vs2010\buckland_chapter2-state machines\westworldwithmessaging\debug\miner.sbr
d:\users\patrickbeatbender\desktop\ai_tp1\vs2010\buckland_chapter2-state machines\westworldwithmessaging\debug\miner.obj
d:\users\patrickbeatbender\desktop\ai_tp1\vs2010\buckland_chapter2-state machines\westworldwithmessaging\debug\minerownedstates.obj
d:\users\patrickbeatbender\desktop\ai_tp1\vs2010\buckland_chapter2-state machines\westworldwithmessaging\debug\minerswife.obj
d:\users\patrickbeatbender\desktop\ai_tp1\vs2010\buckland_chapter2-state machines\westworldwithmessaging\debug\minerswifeownedstates.obj
d:\users\patrickbeatbender\desktop\ai_tp1\vs2010\buckland_chapter2-state machines\westworldwithmessaging\debug\main.obj
d:\users\patrickbeatbender\desktop\ai_tp1\vs2010\buckland_chapter2-state machines\westworldwithmessaging\debug\t-rex.sbr
d:\users\patrickbeatbender\desktop\ai_tp1\vs2010\buckland_chapter2-state machines\westworldwithmessaging\debug\t-rex.obj
d:\users\patrickbeatbender\desktop\ai_tp1\vs2010\buckland_chapter2-state machines\westworldwithmessaging\debug\westworldwithmessaging.ilk
d:\users\patrickbeatbender\desktop\ai_tp1\vs2010\buckland_chapter2-state machines\westworldwithmessaging\debug\westworldwithmessaging.exe
d:\users\patrickbeatbender\desktop\ai_tp1\vs2010\buckland_chapter2-state machines\westworldwithmessaging\debug\westworldwithmessaging.pdb
d:\users\patrickbeatbender\desktop\ai_tp1\vs2010\buckland_chapter2-state machines\westworldwithmessaging\.\debug\westworldwithmessaging.exe
d:\users\patrickbeatbender\desktop\ai_tp1\vs2010\buckland_chapter2-state machines\westworldwithmessaging\debug\westworl.0e2c3421.tlog\bscmake.command.1.tlog
d:\users\patrickbeatbender\desktop\ai_tp1\vs2010\buckland_chapter2-state machines\westworldwithmessaging\debug\westworl.0e2c3421.tlog\bscmake.read.1.tlog
d:\users\patrickbeatbender\desktop\ai_tp1\vs2010\buckland_chapter2-state machines\westworldwithmessaging\debug\westworl.0e2c3421.tlog\bscmake.write.1.tlog
d:\users\patrickbeatbender\desktop\ai_tp1\vs2010\buckland_chapter2-state machines\westworldwithmessaging\debug\westworl.0e2c3421.tlog\cl.command.1.tlog
d:\users\patrickbeatbender\desktop\ai_tp1\vs2010\buckland_chapter2-state machines\westworldwithmessaging\debug\westworl.0e2c3421.tlog\cl.read.1.tlog
d:\users\patrickbeatbender\desktop\ai_tp1\vs2010\buckland_chapter2-state machines\westworldwithmessaging\debug\westworl.0e2c3421.tlog\cl.write.1.tlog
d:\users\patrickbeatbender\desktop\ai_tp1\vs2010\buckland_chapter2-state machines\westworldwithmessaging\debug\westworl.0e2c3421.tlog\link.command.1.tlog
d:\users\patrickbeatbender\desktop\ai_tp1\vs2010\buckland_chapter2-state machines\westworldwithmessaging\debug\westworl.0e2c3421.tlog\link.read.1.tlog
d:\users\patrickbeatbender\desktop\ai_tp1\vs2010\buckland_chapter2-state machines\westworldwithmessaging\debug\westworl.0e2c3421.tlog\link.write.1.tlog
